2025.01.31 12:23:39 INFO  Started: Metals version 1.5.1 in folders 'C:\Users\yombe\Documents\tp_BigDATA' for client Visual Studio Code 1.96.0.
2025.01.31 12:23:41 INFO  no build target found for C:\Users\yombe\Documents\tp_BigDATA\Scala\src\main\scala\capteur.scala. Using presentation compiler with project's scala-library version: 3.3.4
janv. 31, 2025 12:23:46 PM org.eclipse.lsp4j.jsonrpc.RemoteEndpoint handleCancellation
AVERTISSEMENT: Unmatched cancel notification for request id 1
2025.01.31 12:23:47 INFO  no build target found for C:\Users\yombe\Documents\tp_BigDATA\Scala\src\main\scala\capteur.scala. Using presentation compiler with project's scala-library version: 3.3.4
2025.01.31 12:23:47 INFO  no build target found for C:\Users\yombe\Documents\tp_BigDATA\Scala\src\main\scala\capteur.scala. Using presentation compiler with project's scala-library version: 3.3.4
2025.01.31 12:23:47 INFO  no build target found for C:\Users\yombe\Documents\tp_BigDATA\Scala\src\main\scala\capteur.scala. Using presentation compiler with project's scala-library version: 3.3.4
janv. 31, 2025 12:23:48 PM org.eclipse.lsp4j.jsonrpc.RemoteEndpoint handleCancellation
AVERTISSEMENT: Unmatched cancel notification for request id 11
2025.01.31 12:23:48 INFO  no build target found for C:\Users\yombe\Documents\tp_BigDATA\Scala\src\main\scala\capteur.scala. Using presentation compiler with project's scala-library version: 3.3.4
2025.01.31 12:23:57 INFO  no build target found for C:\Users\yombe\Documents\tp_BigDATA\Scala\src\main\scala\capteur.scala. Using presentation compiler with project's scala-library version: 3.3.4
2025.01.31 12:23:57 INFO  no build target found for C:\Users\yombe\Documents\tp_BigDATA\Scala\src\main\scala\capteur.scala. Using presentation compiler with project's scala-library version: 3.3.4
2025.01.31 12:23:58 INFO  no build target found for C:\Users\yombe\Documents\tp_BigDATA\Scala\src\main\scala\capteur.scala. Using presentation compiler with project's scala-library version: 3.3.4
janv. 31, 2025 12:24:02 PM org.eclipse.lsp4j.jsonrpc.services.GenericEndpoint notify
AVERTISSEMENT: Unsupported notification method: metals/windowStateDidChange
janv. 31, 2025 12:24:51 PM org.eclipse.lsp4j.jsonrpc.services.GenericEndpoint notify
AVERTISSEMENT: Unsupported notification method: metals/windowStateDidChange
janv. 31, 2025 12:24:57 PM org.eclipse.lsp4j.jsonrpc.services.GenericEndpoint notify
AVERTISSEMENT: Unsupported notification method: metals/windowStateDidChange
janv. 31, 2025 12:26:01 PM org.eclipse.lsp4j.jsonrpc.services.GenericEndpoint notify
AVERTISSEMENT: Unsupported notification method: metals/windowStateDidChange
janv. 31, 2025 12:28:47 PM org.eclipse.lsp4j.jsonrpc.services.GenericEndpoint notify
AVERTISSEMENT: Unsupported notification method: metals/windowStateDidChange
janv. 31, 2025 12:28:50 PM org.eclipse.lsp4j.jsonrpc.services.GenericEndpoint notify
AVERTISSEMENT: Unsupported notification method: metals/windowStateDidChange
janv. 31, 2025 12:30:20 PM org.eclipse.lsp4j.jsonrpc.services.GenericEndpoint notify
AVERTISSEMENT: Unsupported notification method: metals/windowStateDidChange
janv. 31, 2025 12:30:41 PM org.eclipse.lsp4j.jsonrpc.services.GenericEndpoint notify
AVERTISSEMENT: Unsupported notification method: metals/windowStateDidChange
janv. 31, 2025 12:31:22 PM org.eclipse.lsp4j.jsonrpc.services.GenericEndpoint notify
AVERTISSEMENT: Unsupported notification method: metals/windowStateDidChange
janv. 31, 2025 12:31:55 PM org.eclipse.lsp4j.jsonrpc.services.GenericEndpoint notify
AVERTISSEMENT: Unsupported notification method: metals/windowStateDidChange
janv. 31, 2025 12:32:10 PM org.eclipse.lsp4j.jsonrpc.services.GenericEndpoint notify
AVERTISSEMENT: Unsupported notification method: metals/windowStateDidChange
janv. 31, 2025 12:32:37 PM org.eclipse.lsp4j.jsonrpc.services.GenericEndpoint notify
AVERTISSEMENT: Unsupported notification method: metals/windowStateDidChange
janv. 31, 2025 12:34:29 PM org.eclipse.lsp4j.jsonrpc.services.GenericEndpoint notify
AVERTISSEMENT: Unsupported notification method: metals/windowStateDidChange
janv. 31, 2025 12:34:31 PM org.eclipse.lsp4j.jsonrpc.services.GenericEndpoint notify
AVERTISSEMENT: Unsupported notification method: metals/windowStateDidChange
janv. 31, 2025 12:34:48 PM org.eclipse.lsp4j.jsonrpc.services.GenericEndpoint notify
AVERTISSEMENT: Unsupported notification method: metals/windowStateDidChange
janv. 31, 2025 12:35:05 PM org.eclipse.lsp4j.jsonrpc.services.GenericEndpoint notify
AVERTISSEMENT: Unsupported notification method: metals/windowStateDidChange
janv. 31, 2025 12:35:11 PM org.eclipse.lsp4j.jsonrpc.services.GenericEndpoint notify
AVERTISSEMENT: Unsupported notification method: metals/windowStateDidChange
janv. 31, 2025 12:36:05 PM org.eclipse.lsp4j.jsonrpc.services.GenericEndpoint notify
AVERTISSEMENT: Unsupported notification method: metals/windowStateDidChange
janv. 31, 2025 12:36:32 PM org.eclipse.lsp4j.jsonrpc.services.GenericEndpoint notify
AVERTISSEMENT: Unsupported notification method: metals/windowStateDidChange
janv. 31, 2025 12:36:32 PM org.eclipse.lsp4j.jsonrpc.services.GenericEndpoint notify
AVERTISSEMENT: Unsupported notification method: metals/windowStateDidChange
janv. 31, 2025 12:37:38 PM org.eclipse.lsp4j.jsonrpc.services.GenericEndpoint notify
AVERTISSEMENT: Unsupported notification method: metals/windowStateDidChange
janv. 31, 2025 12:37:49 PM org.eclipse.lsp4j.jsonrpc.services.GenericEndpoint notify
AVERTISSEMENT: Unsupported notification method: metals/windowStateDidChange
janv. 31, 2025 12:39:15 PM org.eclipse.lsp4j.jsonrpc.services.GenericEndpoint notify
AVERTISSEMENT: Unsupported notification method: metals/windowStateDidChange
janv. 31, 2025 12:40:12 PM org.eclipse.lsp4j.jsonrpc.services.GenericEndpoint notify
AVERTISSEMENT: Unsupported notification method: metals/windowStateDidChange
janv. 31, 2025 12:40:52 PM org.eclipse.lsp4j.jsonrpc.services.GenericEndpoint notify
AVERTISSEMENT: Unsupported notification method: metals/windowStateDidChange
janv. 31, 2025 12:40:52 PM org.eclipse.lsp4j.jsonrpc.services.GenericEndpoint notify
AVERTISSEMENT: Unsupported notification method: metals/windowStateDidChange
janv. 31, 2025 12:41:18 PM org.eclipse.lsp4j.jsonrpc.services.GenericEndpoint notify
AVERTISSEMENT: Unsupported notification method: metals/windowStateDidChange
janv. 31, 2025 12:42:02 PM org.eclipse.lsp4j.jsonrpc.services.GenericEndpoint notify
AVERTISSEMENT: Unsupported notification method: metals/windowStateDidChange
janv. 31, 2025 12:42:36 PM org.eclipse.lsp4j.jsonrpc.services.GenericEndpoint notify
AVERTISSEMENT: Unsupported notification method: metals/windowStateDidChange
janv. 31, 2025 12:42:37 PM org.eclipse.lsp4j.jsonrpc.services.GenericEndpoint notify
AVERTISSEMENT: Unsupported notification method: metals/windowStateDidChange
janv. 31, 2025 12:42:41 PM org.eclipse.lsp4j.jsonrpc.services.GenericEndpoint notify
AVERTISSEMENT: Unsupported notification method: metals/windowStateDidChange
janv. 31, 2025 12:43:35 PM org.eclipse.lsp4j.jsonrpc.services.GenericEndpoint notify
AVERTISSEMENT: Unsupported notification method: metals/windowStateDidChange
janv. 31, 2025 12:44:15 PM org.eclipse.lsp4j.jsonrpc.services.GenericEndpoint notify
AVERTISSEMENT: Unsupported notification method: metals/windowStateDidChange
janv. 31, 2025 12:45:17 PM org.eclipse.lsp4j.jsonrpc.services.GenericEndpoint notify
AVERTISSEMENT: Unsupported notification method: metals/windowStateDidChange
janv. 31, 2025 12:45:22 PM org.eclipse.lsp4j.jsonrpc.services.GenericEndpoint notify
AVERTISSEMENT: Unsupported notification method: metals/windowStateDidChange
janv. 31, 2025 12:45:22 PM org.eclipse.lsp4j.jsonrpc.services.GenericEndpoint notify
AVERTISSEMENT: Unsupported notification method: metals/windowStateDidChange
janv. 31, 2025 12:45:37 PM org.eclipse.lsp4j.jsonrpc.services.GenericEndpoint notify
AVERTISSEMENT: Unsupported notification method: metals/windowStateDidChange
janv. 31, 2025 12:46:17 PM org.eclipse.lsp4j.jsonrpc.services.GenericEndpoint notify
AVERTISSEMENT: Unsupported notification method: metals/windowStateDidChange
janv. 31, 2025 12:46:32 PM org.eclipse.lsp4j.jsonrpc.services.GenericEndpoint notify
AVERTISSEMENT: Unsupported notification method: metals/windowStateDidChange
janv. 31, 2025 12:47:19 PM org.eclipse.lsp4j.jsonrpc.services.GenericEndpoint notify
AVERTISSEMENT: Unsupported notification method: metals/windowStateDidChange
janv. 31, 2025 12:47:26 PM org.eclipse.lsp4j.jsonrpc.services.GenericEndpoint notify
AVERTISSEMENT: Unsupported notification method: metals/windowStateDidChange
janv. 31, 2025 12:47:29 PM org.eclipse.lsp4j.jsonrpc.services.GenericEndpoint notify
AVERTISSEMENT: Unsupported notification method: metals/windowStateDidChange
janv. 31, 2025 12:49:32 PM org.eclipse.lsp4j.jsonrpc.services.GenericEndpoint notify
AVERTISSEMENT: Unsupported notification method: metals/windowStateDidChange
janv. 31, 2025 12:50:28 PM org.eclipse.lsp4j.jsonrpc.services.GenericEndpoint notify
AVERTISSEMENT: Unsupported notification method: metals/windowStateDidChange
janv. 31, 2025 12:52:15 PM org.eclipse.lsp4j.jsonrpc.services.GenericEndpoint notify
AVERTISSEMENT: Unsupported notification method: metals/windowStateDidChange
janv. 31, 2025 12:52:48 PM org.eclipse.lsp4j.jsonrpc.services.GenericEndpoint notify
AVERTISSEMENT: Unsupported notification method: metals/windowStateDidChange
janv. 31, 2025 12:53:35 PM org.eclipse.lsp4j.jsonrpc.services.GenericEndpoint notify
AVERTISSEMENT: Unsupported notification method: metals/windowStateDidChange
janv. 31, 2025 12:59:09 PM org.eclipse.lsp4j.jsonrpc.services.GenericEndpoint notify
AVERTISSEMENT: Unsupported notification method: metals/windowStateDidChange
janv. 31, 2025 1:00:19 PM org.eclipse.lsp4j.jsonrpc.services.GenericEndpoint notify
AVERTISSEMENT: Unsupported notification method: metals/windowStateDidChange
janv. 31, 2025 1:01:40 PM org.eclipse.lsp4j.jsonrpc.services.GenericEndpoint notify
AVERTISSEMENT: Unsupported notification method: metals/windowStateDidChange
janv. 31, 2025 1:01:41 PM org.eclipse.lsp4j.jsonrpc.services.GenericEndpoint notify
AVERTISSEMENT: Unsupported notification method: metals/windowStateDidChange
janv. 31, 2025 2:08:12 PM org.eclipse.lsp4j.jsonrpc.services.GenericEndpoint notify
AVERTISSEMENT: Unsupported notification method: metals/windowStateDidChange
janv. 31, 2025 2:08:20 PM org.eclipse.lsp4j.jsonrpc.services.GenericEndpoint notify
AVERTISSEMENT: Unsupported notification method: metals/windowStateDidChange
janv. 31, 2025 2:08:23 PM org.eclipse.lsp4j.jsonrpc.services.GenericEndpoint notify
AVERTISSEMENT: Unsupported notification method: metals/windowStateDidChange
janv. 31, 2025 2:09:10 PM org.eclipse.lsp4j.jsonrpc.services.GenericEndpoint notify
AVERTISSEMENT: Unsupported notification method: metals/windowStateDidChange
janv. 31, 2025 2:09:12 PM org.eclipse.lsp4j.jsonrpc.services.GenericEndpoint notify
AVERTISSEMENT: Unsupported notification method: metals/windowStateDidChange
janv. 31, 2025 2:09:30 PM org.eclipse.lsp4j.jsonrpc.services.GenericEndpoint notify
AVERTISSEMENT: Unsupported notification method: metals/windowStateDidChange
janv. 31, 2025 2:09:58 PM org.eclipse.lsp4j.jsonrpc.services.GenericEndpoint notify
AVERTISSEMENT: Unsupported notification method: metals/windowStateDidChange
janv. 31, 2025 2:10:06 PM org.eclipse.lsp4j.jsonrpc.services.GenericEndpoint notify
AVERTISSEMENT: Unsupported notification method: metals/windowStateDidChange
janv. 31, 2025 2:10:34 PM org.eclipse.lsp4j.jsonrpc.services.GenericEndpoint notify
AVERTISSEMENT: Unsupported notification method: metals/windowStateDidChange
janv. 31, 2025 2:11:12 PM org.eclipse.lsp4j.jsonrpc.services.GenericEndpoint notify
AVERTISSEMENT: Unsupported notification method: metals/windowStateDidChange
janv. 31, 2025 2:11:18 PM org.eclipse.lsp4j.jsonrpc.services.GenericEndpoint notify
AVERTISSEMENT: Unsupported notification method: metals/windowStateDidChange
janv. 31, 2025 2:11:35 PM org.eclipse.lsp4j.jsonrpc.services.GenericEndpoint notify
AVERTISSEMENT: Unsupported notification method: metals/windowStateDidChange
janv. 31, 2025 2:11:55 PM org.eclipse.lsp4j.jsonrpc.services.GenericEndpoint notify
AVERTISSEMENT: Unsupported notification method: metals/windowStateDidChange
janv. 31, 2025 2:12:06 PM org.eclipse.lsp4j.jsonrpc.services.GenericEndpoint notify
AVERTISSEMENT: Unsupported notification method: metals/windowStateDidChange
janv. 31, 2025 2:12:31 PM org.eclipse.lsp4j.jsonrpc.services.GenericEndpoint notify
AVERTISSEMENT: Unsupported notification method: metals/windowStateDidChange
janv. 31, 2025 2:13:12 PM org.eclipse.lsp4j.jsonrpc.services.GenericEndpoint notify
AVERTISSEMENT: Unsupported notification method: metals/windowStateDidChange
janv. 31, 2025 2:13:22 PM org.eclipse.lsp4j.jsonrpc.services.GenericEndpoint notify
AVERTISSEMENT: Unsupported notification method: metals/windowStateDidChange
janv. 31, 2025 2:13:30 PM org.eclipse.lsp4j.jsonrpc.services.GenericEndpoint notify
AVERTISSEMENT: Unsupported notification method: metals/windowStateDidChange
janv. 31, 2025 2:15:45 PM org.eclipse.lsp4j.jsonrpc.services.GenericEndpoint notify
AVERTISSEMENT: Unsupported notification method: metals/windowStateDidChange
janv. 31, 2025 2:16:06 PM org.eclipse.lsp4j.jsonrpc.services.GenericEndpoint notify
AVERTISSEMENT: Unsupported notification method: metals/windowStateDidChange
janv. 31, 2025 2:16:07 PM org.eclipse.lsp4j.jsonrpc.services.GenericEndpoint notify
AVERTISSEMENT: Unsupported notification method: metals/windowStateDidChange
janv. 31, 2025 2:16:18 PM org.eclipse.lsp4j.jsonrpc.services.GenericEndpoint notify
AVERTISSEMENT: Unsupported notification method: metals/windowStateDidChange
janv. 31, 2025 2:16:18 PM org.eclipse.lsp4j.jsonrpc.services.GenericEndpoint notify
AVERTISSEMENT: Unsupported notification method: metals/windowStateDidChange
janv. 31, 2025 2:16:29 PM org.eclipse.lsp4j.jsonrpc.services.GenericEndpoint notify
AVERTISSEMENT: Unsupported notification method: metals/windowStateDidChange
janv. 31, 2025 2:16:41 PM org.eclipse.lsp4j.jsonrpc.services.GenericEndpoint notify
AVERTISSEMENT: Unsupported notification method: metals/windowStateDidChange
janv. 31, 2025 2:17:28 PM org.eclipse.lsp4j.jsonrpc.services.GenericEndpoint notify
AVERTISSEMENT: Unsupported notification method: metals/windowStateDidChange
janv. 31, 2025 2:18:17 PM org.eclipse.lsp4j.jsonrpc.services.GenericEndpoint notify
AVERTISSEMENT: Unsupported notification method: metals/windowStateDidChange
janv. 31, 2025 2:21:24 PM org.eclipse.lsp4j.jsonrpc.services.GenericEndpoint notify
AVERTISSEMENT: Unsupported notification method: metals/windowStateDidChange
janv. 31, 2025 2:22:11 PM org.eclipse.lsp4j.jsonrpc.services.GenericEndpoint notify
AVERTISSEMENT: Unsupported notification method: metals/windowStateDidChange
janv. 31, 2025 2:22:29 PM org.eclipse.lsp4j.jsonrpc.services.GenericEndpoint notify
AVERTISSEMENT: Unsupported notification method: metals/windowStateDidChange
janv. 31, 2025 2:23:17 PM org.eclipse.lsp4j.jsonrpc.services.GenericEndpoint notify
AVERTISSEMENT: Unsupported notification method: metals/windowStateDidChange
janv. 31, 2025 2:23:29 PM org.eclipse.lsp4j.jsonrpc.services.GenericEndpoint notify
AVERTISSEMENT: Unsupported notification method: metals/windowStateDidChange
janv. 31, 2025 2:23:51 PM org.eclipse.lsp4j.jsonrpc.services.GenericEndpoint notify
AVERTISSEMENT: Unsupported notification method: metals/windowStateDidChange
janv. 31, 2025 2:24:11 PM org.eclipse.lsp4j.jsonrpc.services.GenericEndpoint notify
AVERTISSEMENT: Unsupported notification method: metals/windowStateDidChange
janv. 31, 2025 2:24:36 PM org.eclipse.lsp4j.jsonrpc.services.GenericEndpoint notify
AVERTISSEMENT: Unsupported notification method: metals/windowStateDidChange
janv. 31, 2025 2:24:59 PM org.eclipse.lsp4j.jsonrpc.services.GenericEndpoint notify
AVERTISSEMENT: Unsupported notification method: metals/windowStateDidChange
janv. 31, 2025 2:25:19 PM org.eclipse.lsp4j.jsonrpc.services.GenericEndpoint notify
AVERTISSEMENT: Unsupported notification method: metals/windowStateDidChange
janv. 31, 2025 2:26:08 PM org.eclipse.lsp4j.jsonrpc.services.GenericEndpoint notify
AVERTISSEMENT: Unsupported notification method: metals/windowStateDidChange
janv. 31, 2025 2:26:58 PM org.eclipse.lsp4j.jsonrpc.services.GenericEndpoint notify
AVERTISSEMENT: Unsupported notification method: metals/windowStateDidChange
janv. 31, 2025 2:27:05 PM org.eclipse.lsp4j.jsonrpc.services.GenericEndpoint notify
AVERTISSEMENT: Unsupported notification method: metals/windowStateDidChange
janv. 31, 2025 2:27:07 PM org.eclipse.lsp4j.jsonrpc.services.GenericEndpoint notify
AVERTISSEMENT: Unsupported notification method: metals/windowStateDidChange
janv. 31, 2025 2:27:18 PM org.eclipse.lsp4j.jsonrpc.services.GenericEndpoint notify
AVERTISSEMENT: Unsupported notification method: metals/windowStateDidChange
janv. 31, 2025 2:27:27 PM org.eclipse.lsp4j.jsonrpc.services.GenericEndpoint notify
AVERTISSEMENT: Unsupported notification method: metals/windowStateDidChange
janv. 31, 2025 2:27:43 PM org.eclipse.lsp4j.jsonrpc.services.GenericEndpoint notify
AVERTISSEMENT: Unsupported notification method: metals/windowStateDidChange
janv. 31, 2025 2:28:13 PM org.eclipse.lsp4j.jsonrpc.services.GenericEndpoint notify
AVERTISSEMENT: Unsupported notification method: metals/windowStateDidChange
janv. 31, 2025 2:28:46 PM org.eclipse.lsp4j.jsonrpc.services.GenericEndpoint notify
AVERTISSEMENT: Unsupported notification method: metals/windowStateDidChange
janv. 31, 2025 2:29:47 PM org.eclipse.lsp4j.jsonrpc.services.GenericEndpoint notify
AVERTISSEMENT: Unsupported notification method: metals/windowStateDidChange
janv. 31, 2025 2:30:41 PM org.eclipse.lsp4j.jsonrpc.services.GenericEndpoint notify
AVERTISSEMENT: Unsupported notification method: metals/windowStateDidChange
janv. 31, 2025 2:30:53 PM org.eclipse.lsp4j.jsonrpc.services.GenericEndpoint notify
AVERTISSEMENT: Unsupported notification method: metals/windowStateDidChange
janv. 31, 2025 2:31:02 PM org.eclipse.lsp4j.jsonrpc.services.GenericEndpoint notify
AVERTISSEMENT: Unsupported notification method: metals/windowStateDidChange
janv. 31, 2025 2:31:41 PM org.eclipse.lsp4j.jsonrpc.services.GenericEndpoint notify
AVERTISSEMENT: Unsupported notification method: metals/windowStateDidChange
janv. 31, 2025 2:31:52 PM org.eclipse.lsp4j.jsonrpc.services.GenericEndpoint notify
AVERTISSEMENT: Unsupported notification method: metals/windowStateDidChange
janv. 31, 2025 2:32:31 PM org.eclipse.lsp4j.jsonrpc.services.GenericEndpoint notify
AVERTISSEMENT: Unsupported notification method: metals/windowStateDidChange
janv. 31, 2025 2:32:42 PM org.eclipse.lsp4j.jsonrpc.services.GenericEndpoint notify
AVERTISSEMENT: Unsupported notification method: metals/windowStateDidChange
janv. 31, 2025 2:33:11 PM org.eclipse.lsp4j.jsonrpc.services.GenericEndpoint notify
AVERTISSEMENT: Unsupported notification method: metals/windowStateDidChange
janv. 31, 2025 2:33:51 PM org.eclipse.lsp4j.jsonrpc.services.GenericEndpoint notify
AVERTISSEMENT: Unsupported notification method: metals/windowStateDidChange
janv. 31, 2025 2:34:15 PM org.eclipse.lsp4j.jsonrpc.services.GenericEndpoint notify
AVERTISSEMENT: Unsupported notification method: metals/windowStateDidChange
janv. 31, 2025 2:34:30 PM org.eclipse.lsp4j.jsonrpc.services.GenericEndpoint notify
AVERTISSEMENT: Unsupported notification method: metals/windowStateDidChange
janv. 31, 2025 2:34:35 PM org.eclipse.lsp4j.jsonrpc.services.GenericEndpoint notify
AVERTISSEMENT: Unsupported notification method: metals/windowStateDidChange
janv. 31, 2025 2:35:23 PM org.eclipse.lsp4j.jsonrpc.services.GenericEndpoint notify
AVERTISSEMENT: Unsupported notification method: metals/windowStateDidChange
janv. 31, 2025 2:35:36 PM org.eclipse.lsp4j.jsonrpc.services.GenericEndpoint notify
AVERTISSEMENT: Unsupported notification method: metals/windowStateDidChange
janv. 31, 2025 2:35:40 PM org.eclipse.lsp4j.jsonrpc.services.GenericEndpoint notify
AVERTISSEMENT: Unsupported notification method: metals/windowStateDidChange
janv. 31, 2025 2:36:17 PM org.eclipse.lsp4j.jsonrpc.services.GenericEndpoint notify
AVERTISSEMENT: Unsupported notification method: metals/windowStateDidChange
janv. 31, 2025 2:36:23 PM org.eclipse.lsp4j.jsonrpc.services.GenericEndpoint notify
AVERTISSEMENT: Unsupported notification method: metals/windowStateDidChange
janv. 31, 2025 2:37:17 PM org.eclipse.lsp4j.jsonrpc.services.GenericEndpoint notify
AVERTISSEMENT: Unsupported notification method: metals/windowStateDidChange
janv. 31, 2025 2:38:57 PM org.eclipse.lsp4j.jsonrpc.services.GenericEndpoint notify
AVERTISSEMENT: Unsupported notification method: metals/windowStateDidChange
janv. 31, 2025 2:39:00 PM org.eclipse.lsp4j.jsonrpc.services.GenericEndpoint notify
AVERTISSEMENT: Unsupported notification method: metals/windowStateDidChange
janv. 31, 2025 2:39:21 PM org.eclipse.lsp4j.jsonrpc.services.GenericEndpoint notify
AVERTISSEMENT: Unsupported notification method: metals/windowStateDidChange
janv. 31, 2025 2:39:25 PM org.eclipse.lsp4j.jsonrpc.services.GenericEndpoint notify
AVERTISSEMENT: Unsupported notification method: metals/windowStateDidChange
janv. 31, 2025 2:39:48 PM org.eclipse.lsp4j.jsonrpc.services.GenericEndpoint notify
AVERTISSEMENT: Unsupported notification method: metals/windowStateDidChange
janv. 31, 2025 2:40:40 PM org.eclipse.lsp4j.jsonrpc.services.GenericEndpoint notify
AVERTISSEMENT: Unsupported notification method: metals/windowStateDidChange
janv. 31, 2025 2:41:12 PM org.eclipse.lsp4j.jsonrpc.services.GenericEndpoint notify
AVERTISSEMENT: Unsupported notification method: metals/windowStateDidChange
janv. 31, 2025 2:41:21 PM org.eclipse.lsp4j.jsonrpc.services.GenericEndpoint notify
AVERTISSEMENT: Unsupported notification method: metals/windowStateDidChange
janv. 31, 2025 2:41:26 PM org.eclipse.lsp4j.jsonrpc.services.GenericEndpoint notify
AVERTISSEMENT: Unsupported notification method: metals/windowStateDidChange
janv. 31, 2025 2:41:27 PM org.eclipse.lsp4j.jsonrpc.services.GenericEndpoint notify
AVERTISSEMENT: Unsupported notification method: metals/windowStateDidChange
janv. 31, 2025 2:42:38 PM org.eclipse.lsp4j.jsonrpc.services.GenericEndpoint notify
AVERTISSEMENT: Unsupported notification method: metals/windowStateDidChange
janv. 31, 2025 2:42:52 PM org.eclipse.lsp4j.jsonrpc.services.GenericEndpoint notify
AVERTISSEMENT: Unsupported notification method: metals/windowStateDidChange
janv. 31, 2025 2:44:40 PM org.eclipse.lsp4j.jsonrpc.services.GenericEndpoint notify
AVERTISSEMENT: Unsupported notification method: metals/windowStateDidChange
janv. 31, 2025 2:45:37 PM org.eclipse.lsp4j.jsonrpc.services.GenericEndpoint notify
AVERTISSEMENT: Unsupported notification method: metals/windowStateDidChange
janv. 31, 2025 2:45:38 PM org.eclipse.lsp4j.jsonrpc.services.GenericEndpoint notify
AVERTISSEMENT: Unsupported notification method: metals/windowStateDidChange
janv. 31, 2025 2:45:39 PM org.eclipse.lsp4j.jsonrpc.services.GenericEndpoint notify
AVERTISSEMENT: Unsupported notification method: metals/windowStateDidChange
janv. 31, 2025 2:45:45 PM org.eclipse.lsp4j.jsonrpc.services.GenericEndpoint notify
AVERTISSEMENT: Unsupported notification method: metals/windowStateDidChange
janv. 31, 2025 2:45:53 PM org.eclipse.lsp4j.jsonrpc.services.GenericEndpoint notify
AVERTISSEMENT: Unsupported notification method: metals/windowStateDidChange
janv. 31, 2025 2:46:07 PM org.eclipse.lsp4j.jsonrpc.services.GenericEndpoint notify
AVERTISSEMENT: Unsupported notification method: metals/windowStateDidChange
janv. 31, 2025 2:46:49 PM org.eclipse.lsp4j.jsonrpc.services.GenericEndpoint notify
AVERTISSEMENT: Unsupported notification method: metals/windowStateDidChange
janv. 31, 2025 2:49:23 PM org.eclipse.lsp4j.jsonrpc.services.GenericEndpoint notify
AVERTISSEMENT: Unsupported notification method: metals/windowStateDidChange
janv. 31, 2025 2:51:51 PM org.eclipse.lsp4j.jsonrpc.services.GenericEndpoint notify
AVERTISSEMENT: Unsupported notification method: metals/windowStateDidChange
janv. 31, 2025 2:52:00 PM org.eclipse.lsp4j.jsonrpc.services.GenericEndpoint notify
AVERTISSEMENT: Unsupported notification method: metals/windowStateDidChange
janv. 31, 2025 2:52:03 PM org.eclipse.lsp4j.jsonrpc.services.GenericEndpoint notify
AVERTISSEMENT: Unsupported notification method: metals/windowStateDidChange
janv. 31, 2025 2:52:36 PM org.eclipse.lsp4j.jsonrpc.services.GenericEndpoint notify
AVERTISSEMENT: Unsupported notification method: metals/windowStateDidChange
janv. 31, 2025 2:53:43 PM org.eclipse.lsp4j.jsonrpc.services.GenericEndpoint notify
AVERTISSEMENT: Unsupported notification method: metals/windowStateDidChange
janv. 31, 2025 2:55:19 PM org.eclipse.lsp4j.jsonrpc.services.GenericEndpoint notify
AVERTISSEMENT: Unsupported notification method: metals/windowStateDidChange
janv. 31, 2025 2:55:20 PM org.eclipse.lsp4j.jsonrpc.services.GenericEndpoint notify
AVERTISSEMENT: Unsupported notification method: metals/windowStateDidChange
janv. 31, 2025 2:55:45 PM org.eclipse.lsp4j.jsonrpc.services.GenericEndpoint notify
AVERTISSEMENT: Unsupported notification method: metals/windowStateDidChange
janv. 31, 2025 2:56:30 PM org.eclipse.lsp4j.jsonrpc.services.GenericEndpoint notify
AVERTISSEMENT: Unsupported notification method: metals/windowStateDidChange
janv. 31, 2025 2:56:57 PM org.eclipse.lsp4j.jsonrpc.services.GenericEndpoint notify
AVERTISSEMENT: Unsupported notification method: metals/windowStateDidChange
janv. 31, 2025 2:56:57 PM org.eclipse.lsp4j.jsonrpc.services.GenericEndpoint notify
AVERTISSEMENT: Unsupported notification method: metals/windowStateDidChange
janv. 31, 2025 2:57:01 PM org.eclipse.lsp4j.jsonrpc.services.GenericEndpoint notify
AVERTISSEMENT: Unsupported notification method: metals/windowStateDidChange
janv. 31, 2025 2:58:07 PM org.eclipse.lsp4j.jsonrpc.services.GenericEndpoint notify
AVERTISSEMENT: Unsupported notification method: metals/windowStateDidChange
janv. 31, 2025 2:59:45 PM org.eclipse.lsp4j.jsonrpc.services.GenericEndpoint notify
AVERTISSEMENT: Unsupported notification method: metals/windowStateDidChange
janv. 31, 2025 2:59:46 PM org.eclipse.lsp4j.jsonrpc.services.GenericEndpoint notify
AVERTISSEMENT: Unsupported notification method: metals/windowStateDidChange
janv. 31, 2025 3:00:22 PM org.eclipse.lsp4j.jsonrpc.services.GenericEndpoint notify
AVERTISSEMENT: Unsupported notification method: metals/windowStateDidChange
janv. 31, 2025 3:00:56 PM org.eclipse.lsp4j.jsonrpc.services.GenericEndpoint notify
AVERTISSEMENT: Unsupported notification method: metals/windowStateDidChange
janv. 31, 2025 3:06:27 PM org.eclipse.lsp4j.jsonrpc.services.GenericEndpoint notify
AVERTISSEMENT: Unsupported notification method: metals/windowStateDidChange
janv. 31, 2025 3:06:56 PM org.eclipse.lsp4j.jsonrpc.services.GenericEndpoint notify
AVERTISSEMENT: Unsupported notification method: metals/windowStateDidChange
janv. 31, 2025 3:07:58 PM org.eclipse.lsp4j.jsonrpc.services.GenericEndpoint notify
AVERTISSEMENT: Unsupported notification method: metals/windowStateDidChange
janv. 31, 2025 3:08:02 PM org.eclipse.lsp4j.jsonrpc.services.GenericEndpoint notify
AVERTISSEMENT: Unsupported notification method: metals/windowStateDidChange
janv. 31, 2025 3:11:57 PM org.eclipse.lsp4j.jsonrpc.services.GenericEndpoint notify
AVERTISSEMENT: Unsupported notification method: metals/windowStateDidChange
janv. 31, 2025 3:12:15 PM org.eclipse.lsp4j.jsonrpc.services.GenericEndpoint notify
AVERTISSEMENT: Unsupported notification method: metals/windowStateDidChange
janv. 31, 2025 3:12:26 PM org.eclipse.lsp4j.jsonrpc.services.GenericEndpoint notify
AVERTISSEMENT: Unsupported notification method: metals/windowStateDidChange
janv. 31, 2025 3:12:27 PM org.eclipse.lsp4j.jsonrpc.services.GenericEndpoint notify
AVERTISSEMENT: Unsupported notification method: metals/windowStateDidChange
janv. 31, 2025 3:12:55 PM org.eclipse.lsp4j.jsonrpc.services.GenericEndpoint notify
AVERTISSEMENT: Unsupported notification method: metals/windowStateDidChange
janv. 31, 2025 3:13:37 PM org.eclipse.lsp4j.jsonrpc.services.GenericEndpoint notify
AVERTISSEMENT: Unsupported notification method: metals/windowStateDidChange
janv. 31, 2025 3:13:44 PM org.eclipse.lsp4j.jsonrpc.services.GenericEndpoint notify
AVERTISSEMENT: Unsupported notification method: metals/windowStateDidChange
janv. 31, 2025 3:13:45 PM org.eclipse.lsp4j.jsonrpc.services.GenericEndpoint notify
AVERTISSEMENT: Unsupported notification method: metals/windowStateDidChange
janv. 31, 2025 3:14:10 PM org.eclipse.lsp4j.jsonrpc.services.GenericEndpoint notify
AVERTISSEMENT: Unsupported notification method: metals/windowStateDidChange
janv. 31, 2025 3:14:55 PM org.eclipse.lsp4j.jsonrpc.services.GenericEndpoint notify
AVERTISSEMENT: Unsupported notification method: metals/windowStateDidChange
janv. 31, 2025 3:15:37 PM org.eclipse.lsp4j.jsonrpc.services.GenericEndpoint notify
AVERTISSEMENT: Unsupported notification method: metals/windowStateDidChange
janv. 31, 2025 3:15:38 PM org.eclipse.lsp4j.jsonrpc.services.GenericEndpoint notify
AVERTISSEMENT: Unsupported notification method: metals/windowStateDidChange
janv. 31, 2025 3:17:18 PM org.eclipse.lsp4j.jsonrpc.services.GenericEndpoint notify
AVERTISSEMENT: Unsupported notification method: metals/windowStateDidChange
janv. 31, 2025 3:17:50 PM org.eclipse.lsp4j.jsonrpc.services.GenericEndpoint notify
AVERTISSEMENT: Unsupported notification method: metals/windowStateDidChange
janv. 31, 2025 3:18:45 PM org.eclipse.lsp4j.jsonrpc.services.GenericEndpoint notify
AVERTISSEMENT: Unsupported notification method: metals/windowStateDidChange
janv. 31, 2025 3:19:11 PM org.eclipse.lsp4j.jsonrpc.services.GenericEndpoint notify
AVERTISSEMENT: Unsupported notification method: metals/windowStateDidChange
janv. 31, 2025 3:19:18 PM org.eclipse.lsp4j.jsonrpc.services.GenericEndpoint notify
AVERTISSEMENT: Unsupported notification method: metals/windowStateDidChange
janv. 31, 2025 3:20:01 PM org.eclipse.lsp4j.jsonrpc.services.GenericEndpoint notify
AVERTISSEMENT: Unsupported notification method: metals/windowStateDidChange
janv. 31, 2025 3:20:36 PM org.eclipse.lsp4j.jsonrpc.services.GenericEndpoint notify
AVERTISSEMENT: Unsupported notification method: metals/windowStateDidChange
janv. 31, 2025 3:20:37 PM org.eclipse.lsp4j.jsonrpc.services.GenericEndpoint notify
AVERTISSEMENT: Unsupported notification method: metals/windowStateDidChange
janv. 31, 2025 3:23:03 PM org.eclipse.lsp4j.jsonrpc.services.GenericEndpoint notify
AVERTISSEMENT: Unsupported notification method: metals/windowStateDidChange
janv. 31, 2025 3:23:51 PM org.eclipse.lsp4j.jsonrpc.services.GenericEndpoint notify
AVERTISSEMENT: Unsupported notification method: metals/windowStateDidChange
janv. 31, 2025 3:40:58 PM org.eclipse.lsp4j.jsonrpc.services.GenericEndpoint notify
AVERTISSEMENT: Unsupported notification method: metals/windowStateDidChange
janv. 31, 2025 3:41:01 PM org.eclipse.lsp4j.jsonrpc.services.GenericEndpoint notify
AVERTISSEMENT: Unsupported notification method: metals/windowStateDidChange
janv. 31, 2025 3:42:41 PM org.eclipse.lsp4j.jsonrpc.services.GenericEndpoint notify
AVERTISSEMENT: Unsupported notification method: metals/windowStateDidChange
janv. 31, 2025 3:43:41 PM org.eclipse.lsp4j.jsonrpc.services.GenericEndpoint notify
AVERTISSEMENT: Unsupported notification method: metals/windowStateDidChange
janv. 31, 2025 3:44:54 PM org.eclipse.lsp4j.jsonrpc.services.GenericEndpoint notify
AVERTISSEMENT: Unsupported notification method: metals/windowStateDidChange
janv. 31, 2025 3:44:57 PM org.eclipse.lsp4j.jsonrpc.services.GenericEndpoint notify
AVERTISSEMENT: Unsupported notification method: metals/windowStateDidChange
janv. 31, 2025 3:45:27 PM org.eclipse.lsp4j.jsonrpc.services.GenericEndpoint notify
AVERTISSEMENT: Unsupported notification method: metals/windowStateDidChange
janv. 31, 2025 3:46:07 PM org.eclipse.lsp4j.jsonrpc.services.GenericEndpoint notify
AVERTISSEMENT: Unsupported notification method: metals/windowStateDidChange
janv. 31, 2025 3:46:42 PM org.eclipse.lsp4j.jsonrpc.services.GenericEndpoint notify
AVERTISSEMENT: Unsupported notification method: metals/windowStateDidChange
janv. 31, 2025 3:46:48 PM org.eclipse.lsp4j.jsonrpc.services.GenericEndpoint notify
AVERTISSEMENT: Unsupported notification method: metals/windowStateDidChange
janv. 31, 2025 3:47:05 PM org.eclipse.lsp4j.jsonrpc.services.GenericEndpoint notify
AVERTISSEMENT: Unsupported notification method: metals/windowStateDidChange
janv. 31, 2025 3:47:21 PM org.eclipse.lsp4j.jsonrpc.services.GenericEndpoint notify
AVERTISSEMENT: Unsupported notification method: metals/windowStateDidChange
janv. 31, 2025 3:47:58 PM org.eclipse.lsp4j.jsonrpc.services.GenericEndpoint notify
AVERTISSEMENT: Unsupported notification method: metals/windowStateDidChange
janv. 31, 2025 3:48:28 PM org.eclipse.lsp4j.jsonrpc.services.GenericEndpoint notify
AVERTISSEMENT: Unsupported notification method: metals/windowStateDidChange
janv. 31, 2025 3:49:38 PM org.eclipse.lsp4j.jsonrpc.services.GenericEndpoint notify
AVERTISSEMENT: Unsupported notification method: metals/windowStateDidChange
janv. 31, 2025 3:50:15 PM org.eclipse.lsp4j.jsonrpc.services.GenericEndpoint notify
AVERTISSEMENT: Unsupported notification method: metals/windowStateDidChange
janv. 31, 2025 3:53:51 PM org.eclipse.lsp4j.jsonrpc.services.GenericEndpoint notify
AVERTISSEMENT: Unsupported notification method: metals/windowStateDidChange
janv. 31, 2025 3:53:57 PM org.eclipse.lsp4j.jsonrpc.services.GenericEndpoint notify
AVERTISSEMENT: Unsupported notification method: metals/windowStateDidChange
janv. 31, 2025 3:54:05 PM org.eclipse.lsp4j.jsonrpc.services.GenericEndpoint notify
AVERTISSEMENT: Unsupported notification method: metals/windowStateDidChange
janv. 31, 2025 3:54:28 PM org.eclipse.lsp4j.jsonrpc.services.GenericEndpoint notify
AVERTISSEMENT: Unsupported notification method: metals/windowStateDidChange
janv. 31, 2025 3:55:55 PM org.eclipse.lsp4j.jsonrpc.services.GenericEndpoint notify
AVERTISSEMENT: Unsupported notification method: metals/windowStateDidChange
janv. 31, 2025 3:56:06 PM org.eclipse.lsp4j.jsonrpc.services.GenericEndpoint notify
AVERTISSEMENT: Unsupported notification method: metals/windowStateDidChange
janv. 31, 2025 4:15:48 PM org.eclipse.lsp4j.jsonrpc.services.GenericEndpoint notify
AVERTISSEMENT: Unsupported notification method: metals/windowStateDidChange
janv. 31, 2025 4:15:51 PM org.eclipse.lsp4j.jsonrpc.services.GenericEndpoint notify
AVERTISSEMENT: Unsupported notification method: metals/windowStateDidChange
janv. 31, 2025 4:17:01 PM org.eclipse.lsp4j.jsonrpc.services.GenericEndpoint notify
AVERTISSEMENT: Unsupported notification method: metals/windowStateDidChange
janv. 31, 2025 4:17:11 PM org.eclipse.lsp4j.jsonrpc.services.GenericEndpoint notify
AVERTISSEMENT: Unsupported notification method: metals/windowStateDidChange
janv. 31, 2025 4:19:01 PM org.eclipse.lsp4j.jsonrpc.services.GenericEndpoint notify
AVERTISSEMENT: Unsupported notification method: metals/windowStateDidChange
janv. 31, 2025 4:19:43 PM org.eclipse.lsp4j.jsonrpc.services.GenericEndpoint notify
AVERTISSEMENT: Unsupported notification method: metals/windowStateDidChange
janv. 31, 2025 4:20:53 PM org.eclipse.lsp4j.jsonrpc.services.GenericEndpoint notify
AVERTISSEMENT: Unsupported notification method: metals/windowStateDidChange
janv. 31, 2025 4:21:18 PM org.eclipse.lsp4j.jsonrpc.services.GenericEndpoint notify
AVERTISSEMENT: Unsupported notification method: metals/windowStateDidChange
janv. 31, 2025 4:21:26 PM org.eclipse.lsp4j.jsonrpc.services.GenericEndpoint notify
AVERTISSEMENT: Unsupported notification method: metals/windowStateDidChange
janv. 31, 2025 4:21:32 PM org.eclipse.lsp4j.jsonrpc.services.GenericEndpoint notify
AVERTISSEMENT: Unsupported notification method: metals/windowStateDidChange
janv. 31, 2025 4:26:12 PM org.eclipse.lsp4j.jsonrpc.services.GenericEndpoint notify
AVERTISSEMENT: Unsupported notification method: metals/windowStateDidChange
janv. 31, 2025 4:26:25 PM org.eclipse.lsp4j.jsonrpc.services.GenericEndpoint notify
AVERTISSEMENT: Unsupported notification method: metals/windowStateDidChange
janv. 31, 2025 4:27:29 PM org.eclipse.lsp4j.jsonrpc.services.GenericEndpoint notify
AVERTISSEMENT: Unsupported notification method: metals/windowStateDidChange
janv. 31, 2025 4:27:35 PM org.eclipse.lsp4j.jsonrpc.services.GenericEndpoint notify
AVERTISSEMENT: Unsupported notification method: metals/windowStateDidChange
janv. 31, 2025 4:27:39 PM org.eclipse.lsp4j.jsonrpc.services.GenericEndpoint notify
AVERTISSEMENT: Unsupported notification method: metals/windowStateDidChange
janv. 31, 2025 4:27:40 PM org.eclipse.lsp4j.jsonrpc.services.GenericEndpoint notify
AVERTISSEMENT: Unsupported notification method: metals/windowStateDidChange
janv. 31, 2025 4:28:54 PM org.eclipse.lsp4j.jsonrpc.services.GenericEndpoint notify
AVERTISSEMENT: Unsupported notification method: metals/windowStateDidChange
janv. 31, 2025 4:29:12 PM org.eclipse.lsp4j.jsonrpc.services.GenericEndpoint notify
AVERTISSEMENT: Unsupported notification method: metals/windowStateDidChange
janv. 31, 2025 4:29:34 PM org.eclipse.lsp4j.jsonrpc.services.GenericEndpoint notify
AVERTISSEMENT: Unsupported notification method: metals/windowStateDidChange
janv. 31, 2025 4:29:53 PM org.eclipse.lsp4j.jsonrpc.services.GenericEndpoint notify
AVERTISSEMENT: Unsupported notification method: metals/windowStateDidChange
janv. 31, 2025 4:32:50 PM org.eclipse.lsp4j.jsonrpc.services.GenericEndpoint notify
AVERTISSEMENT: Unsupported notification method: metals/windowStateDidChange
janv. 31, 2025 4:33:26 PM org.eclipse.lsp4j.jsonrpc.services.GenericEndpoint notify
AVERTISSEMENT: Unsupported notification method: metals/windowStateDidChange
janv. 31, 2025 4:33:35 PM org.eclipse.lsp4j.jsonrpc.services.GenericEndpoint notify
AVERTISSEMENT: Unsupported notification method: metals/windowStateDidChange
janv. 31, 2025 4:34:36 PM org.eclipse.lsp4j.jsonrpc.services.GenericEndpoint notify
AVERTISSEMENT: Unsupported notification method: metals/windowStateDidChange
janv. 31, 2025 4:34:42 PM org.eclipse.lsp4j.jsonrpc.services.GenericEndpoint notify
AVERTISSEMENT: Unsupported notification method: metals/windowStateDidChange
janv. 31, 2025 4:34:43 PM org.eclipse.lsp4j.jsonrpc.services.GenericEndpoint notify
AVERTISSEMENT: Unsupported notification method: metals/windowStateDidChange
janv. 31, 2025 4:35:59 PM org.eclipse.lsp4j.jsonrpc.services.GenericEndpoint notify
AVERTISSEMENT: Unsupported notification method: metals/windowStateDidChange
janv. 31, 2025 4:36:13 PM org.eclipse.lsp4j.jsonrpc.services.GenericEndpoint notify
AVERTISSEMENT: Unsupported notification method: metals/windowStateDidChange
janv. 31, 2025 4:37:03 PM org.eclipse.lsp4j.jsonrpc.services.GenericEndpoint notify
AVERTISSEMENT: Unsupported notification method: metals/windowStateDidChange
janv. 31, 2025 4:37:23 PM org.eclipse.lsp4j.jsonrpc.services.GenericEndpoint notify
AVERTISSEMENT: Unsupported notification method: metals/windowStateDidChange
janv. 31, 2025 4:38:37 PM org.eclipse.lsp4j.jsonrpc.services.GenericEndpoint notify
AVERTISSEMENT: Unsupported notification method: metals/windowStateDidChange
janv. 31, 2025 4:38:37 PM org.eclipse.lsp4j.jsonrpc.services.GenericEndpoint notify
AVERTISSEMENT: Unsupported notification method: metals/windowStateDidChange
janv. 31, 2025 4:39:00 PM org.eclipse.lsp4j.jsonrpc.services.GenericEndpoint notify
AVERTISSEMENT: Unsupported notification method: metals/windowStateDidChange
janv. 31, 2025 4:39:19 PM org.eclipse.lsp4j.jsonrpc.services.GenericEndpoint notify
AVERTISSEMENT: Unsupported notification method: metals/windowStateDidChange
janv. 31, 2025 4:39:47 PM org.eclipse.lsp4j.jsonrpc.services.GenericEndpoint notify
AVERTISSEMENT: Unsupported notification method: metals/windowStateDidChange
janv. 31, 2025 4:40:56 PM org.eclipse.lsp4j.jsonrpc.services.GenericEndpoint notify
AVERTISSEMENT: Unsupported notification method: metals/windowStateDidChange
janv. 31, 2025 4:41:58 PM org.eclipse.lsp4j.jsonrpc.services.GenericEndpoint notify
AVERTISSEMENT: Unsupported notification method: metals/windowStateDidChange
janv. 31, 2025 4:42:10 PM org.eclipse.lsp4j.jsonrpc.services.GenericEndpoint notify
AVERTISSEMENT: Unsupported notification method: metals/windowStateDidChange
janv. 31, 2025 4:42:26 PM org.eclipse.lsp4j.jsonrpc.services.GenericEndpoint notify
AVERTISSEMENT: Unsupported notification method: metals/windowStateDidChange
janv. 31, 2025 4:43:06 PM org.eclipse.lsp4j.jsonrpc.services.GenericEndpoint notify
AVERTISSEMENT: Unsupported notification method: metals/windowStateDidChange
janv. 31, 2025 4:45:07 PM org.eclipse.lsp4j.jsonrpc.services.GenericEndpoint notify
AVERTISSEMENT: Unsupported notification method: metals/windowStateDidChange
janv. 31, 2025 4:45:12 PM org.eclipse.lsp4j.jsonrpc.services.GenericEndpoint notify
AVERTISSEMENT: Unsupported notification method: metals/windowStateDidChange
janv. 31, 2025 4:45:32 PM org.eclipse.lsp4j.jsonrpc.services.GenericEndpoint notify
AVERTISSEMENT: Unsupported notification method: metals/windowStateDidChange
janv. 31, 2025 4:46:20 PM org.eclipse.lsp4j.jsonrpc.services.GenericEndpoint notify
AVERTISSEMENT: Unsupported notification method: metals/windowStateDidChange
janv. 31, 2025 4:48:30 PM org.eclipse.lsp4j.jsonrpc.services.GenericEndpoint notify
AVERTISSEMENT: Unsupported notification method: metals/windowStateDidChange
janv. 31, 2025 4:48:30 PM org.eclipse.lsp4j.jsonrpc.services.GenericEndpoint notify
AVERTISSEMENT: Unsupported notification method: metals/windowStateDidChange
janv. 31, 2025 4:50:35 PM org.eclipse.lsp4j.jsonrpc.services.GenericEndpoint notify
AVERTISSEMENT: Unsupported notification method: metals/windowStateDidChange
janv. 31, 2025 4:50:39 PM org.eclipse.lsp4j.jsonrpc.services.GenericEndpoint notify
AVERTISSEMENT: Unsupported notification method: metals/windowStateDidChange
janv. 31, 2025 4:51:49 PM org.eclipse.lsp4j.jsonrpc.services.GenericEndpoint notify
AVERTISSEMENT: Unsupported notification method: metals/windowStateDidChange
janv. 31, 2025 4:52:55 PM org.eclipse.lsp4j.jsonrpc.services.GenericEndpoint notify
AVERTISSEMENT: Unsupported notification method: metals/windowStateDidChange
janv. 31, 2025 4:54:11 PM org.eclipse.lsp4j.jsonrpc.services.GenericEndpoint notify
AVERTISSEMENT: Unsupported notification method: metals/windowStateDidChange
janv. 31, 2025 4:54:52 PM org.eclipse.lsp4j.jsonrpc.services.GenericEndpoint notify
AVERTISSEMENT: Unsupported notification method: metals/windowStateDidChange
janv. 31, 2025 4:55:39 PM org.eclipse.lsp4j.jsonrpc.services.GenericEndpoint notify
AVERTISSEMENT: Unsupported notification method: metals/windowStateDidChange
janv. 31, 2025 4:56:32 PM org.eclipse.lsp4j.jsonrpc.services.GenericEndpoint notify
AVERTISSEMENT: Unsupported notification method: metals/windowStateDidChange
janv. 31, 2025 4:56:50 PM org.eclipse.lsp4j.jsonrpc.services.GenericEndpoint notify
AVERTISSEMENT: Unsupported notification method: metals/windowStateDidChange
janv. 31, 2025 4:56:52 PM org.eclipse.lsp4j.jsonrpc.services.GenericEndpoint notify
AVERTISSEMENT: Unsupported notification method: metals/windowStateDidChange
janv. 31, 2025 4:57:34 PM org.eclipse.lsp4j.jsonrpc.services.GenericEndpoint notify
AVERTISSEMENT: Unsupported notification method: metals/windowStateDidChange
janv. 31, 2025 4:57:59 PM org.eclipse.lsp4j.jsonrpc.services.GenericEndpoint notify
AVERTISSEMENT: Unsupported notification method: metals/windowStateDidChange
janv. 31, 2025 4:58:02 PM org.eclipse.lsp4j.jsonrpc.services.GenericEndpoint notify
AVERTISSEMENT: Unsupported notification method: metals/windowStateDidChange
janv. 31, 2025 4:58:02 PM org.eclipse.lsp4j.jsonrpc.services.GenericEndpoint notify
AVERTISSEMENT: Unsupported notification method: metals/windowStateDidChange
janv. 31, 2025 4:58:18 PM org.eclipse.lsp4j.jsonrpc.services.GenericEndpoint notify
AVERTISSEMENT: Unsupported notification method: metals/windowStateDidChange
janv. 31, 2025 4:58:21 PM org.eclipse.lsp4j.jsonrpc.services.GenericEndpoint notify
AVERTISSEMENT: Unsupported notification method: metals/windowStateDidChange
janv. 31, 2025 4:59:47 PM org.eclipse.lsp4j.jsonrpc.services.GenericEndpoint notify
AVERTISSEMENT: Unsupported notification method: metals/windowStateDidChange
janv. 31, 2025 5:00:31 PM org.eclipse.lsp4j.jsonrpc.services.GenericEndpoint notify
AVERTISSEMENT: Unsupported notification method: metals/windowStateDidChange
janv. 31, 2025 5:00:36 PM org.eclipse.lsp4j.jsonrpc.services.GenericEndpoint notify
AVERTISSEMENT: Unsupported notification method: metals/windowStateDidChange
janv. 31, 2025 5:00:37 PM org.eclipse.lsp4j.jsonrpc.services.GenericEndpoint notify
AVERTISSEMENT: Unsupported notification method: metals/windowStateDidChange
janv. 31, 2025 5:00:55 PM org.eclipse.lsp4j.jsonrpc.services.GenericEndpoint notify
AVERTISSEMENT: Unsupported notification method: metals/windowStateDidChange
janv. 31, 2025 5:01:11 PM org.eclipse.lsp4j.jsonrpc.services.GenericEndpoint notify
AVERTISSEMENT: Unsupported notification method: metals/windowStateDidChange
janv. 31, 2025 5:02:17 PM org.eclipse.lsp4j.jsonrpc.services.GenericEndpoint notify
AVERTISSEMENT: Unsupported notification method: metals/windowStateDidChange
janv. 31, 2025 5:02:32 PM org.eclipse.lsp4j.jsonrpc.services.GenericEndpoint notify
AVERTISSEMENT: Unsupported notification method: metals/windowStateDidChange
janv. 31, 2025 5:02:59 PM org.eclipse.lsp4j.jsonrpc.services.GenericEndpoint notify
AVERTISSEMENT: Unsupported notification method: metals/windowStateDidChange
janv. 31, 2025 5:03:14 PM org.eclipse.lsp4j.jsonrpc.services.GenericEndpoint notify
AVERTISSEMENT: Unsupported notification method: metals/windowStateDidChange
janv. 31, 2025 5:03:31 PM org.eclipse.lsp4j.jsonrpc.services.GenericEndpoint notify
AVERTISSEMENT: Unsupported notification method: metals/windowStateDidChange
janv. 31, 2025 5:03:32 PM org.eclipse.lsp4j.jsonrpc.services.GenericEndpoint notify
AVERTISSEMENT: Unsupported notification method: metals/windowStateDidChange
janv. 31, 2025 5:04:20 PM org.eclipse.lsp4j.jsonrpc.services.GenericEndpoint notify
AVERTISSEMENT: Unsupported notification method: metals/windowStateDidChange
janv. 31, 2025 5:04:52 PM org.eclipse.lsp4j.jsonrpc.services.GenericEndpoint notify
AVERTISSEMENT: Unsupported notification method: metals/windowStateDidChange
janv. 31, 2025 5:05:01 PM org.eclipse.lsp4j.jsonrpc.services.GenericEndpoint notify
AVERTISSEMENT: Unsupported notification method: metals/windowStateDidChange
janv. 31, 2025 5:05:38 PM org.eclipse.lsp4j.jsonrpc.services.GenericEndpoint notify
AVERTISSEMENT: Unsupported notification method: metals/windowStateDidChange
janv. 31, 2025 5:05:48 PM org.eclipse.lsp4j.jsonrpc.services.GenericEndpoint notify
AVERTISSEMENT: Unsupported notification method: metals/windowStateDidChange
janv. 31, 2025 5:06:46 PM org.eclipse.lsp4j.jsonrpc.services.GenericEndpoint notify
AVERTISSEMENT: Unsupported notification method: metals/windowStateDidChange
janv. 31, 2025 5:06:49 PM org.eclipse.lsp4j.jsonrpc.services.GenericEndpoint notify
AVERTISSEMENT: Unsupported notification method: metals/windowStateDidChange
janv. 31, 2025 5:06:50 PM org.eclipse.lsp4j.jsonrpc.services.GenericEndpoint notify
AVERTISSEMENT: Unsupported notification method: metals/windowStateDidChange
janv. 31, 2025 5:06:56 PM org.eclipse.lsp4j.jsonrpc.services.GenericEndpoint notify
AVERTISSEMENT: Unsupported notification method: metals/windowStateDidChange
janv. 31, 2025 5:07:01 PM org.eclipse.lsp4j.jsonrpc.services.GenericEndpoint notify
AVERTISSEMENT: Unsupported notification method: metals/windowStateDidChange
janv. 31, 2025 5:11:10 PM org.eclipse.lsp4j.jsonrpc.services.GenericEndpoint notify
AVERTISSEMENT: Unsupported notification method: metals/windowStateDidChange
janv. 31, 2025 5:11:30 PM org.eclipse.lsp4j.jsonrpc.services.GenericEndpoint notify
AVERTISSEMENT: Unsupported notification method: metals/windowStateDidChange
janv. 31, 2025 5:12:32 PM org.eclipse.lsp4j.jsonrpc.services.GenericEndpoint notify
AVERTISSEMENT: Unsupported notification method: metals/windowStateDidChange
janv. 31, 2025 5:12:33 PM org.eclipse.lsp4j.jsonrpc.services.GenericEndpoint notify
AVERTISSEMENT: Unsupported notification method: metals/windowStateDidChange
janv. 31, 2025 5:13:42 PM org.eclipse.lsp4j.jsonrpc.services.GenericEndpoint notify
AVERTISSEMENT: Unsupported notification method: metals/windowStateDidChange
janv. 31, 2025 5:13:43 PM org.eclipse.lsp4j.jsonrpc.services.GenericEndpoint notify
AVERTISSEMENT: Unsupported notification method: metals/windowStateDidChange
janv. 31, 2025 5:15:12 PM org.eclipse.lsp4j.jsonrpc.services.GenericEndpoint notify
AVERTISSEMENT: Unsupported notification method: metals/windowStateDidChange
janv. 31, 2025 5:15:13 PM org.eclipse.lsp4j.jsonrpc.services.GenericEndpoint notify
AVERTISSEMENT: Unsupported notification method: metals/windowStateDidChange
janv. 31, 2025 5:16:23 PM org.eclipse.lsp4j.jsonrpc.services.GenericEndpoint notify
AVERTISSEMENT: Unsupported notification method: metals/windowStateDidChange
janv. 31, 2025 5:17:00 PM org.eclipse.lsp4j.jsonrpc.services.GenericEndpoint notify
AVERTISSEMENT: Unsupported notification method: metals/windowStateDidChange
janv. 31, 2025 5:17:35 PM org.eclipse.lsp4j.jsonrpc.services.GenericEndpoint notify
AVERTISSEMENT: Unsupported notification method: metals/windowStateDidChange
janv. 31, 2025 5:17:36 PM org.eclipse.lsp4j.jsonrpc.services.GenericEndpoint notify
AVERTISSEMENT: Unsupported notification method: metals/windowStateDidChange
janv. 31, 2025 5:18:46 PM org.eclipse.lsp4j.jsonrpc.services.GenericEndpoint notify
AVERTISSEMENT: Unsupported notification method: metals/windowStateDidChange
janv. 31, 2025 5:19:02 PM org.eclipse.lsp4j.jsonrpc.services.GenericEndpoint notify
AVERTISSEMENT: Unsupported notification method: metals/windowStateDidChange
janv. 31, 2025 5:20:51 PM org.eclipse.lsp4j.jsonrpc.services.GenericEndpoint notify
AVERTISSEMENT: Unsupported notification method: metals/windowStateDidChange
janv. 31, 2025 5:20:58 PM org.eclipse.lsp4j.jsonrpc.services.GenericEndpoint notify
AVERTISSEMENT: Unsupported notification method: metals/windowStateDidChange
janv. 31, 2025 5:21:15 PM org.eclipse.lsp4j.jsonrpc.services.GenericEndpoint notify
AVERTISSEMENT: Unsupported notification method: metals/windowStateDidChange
janv. 31, 2025 5:21:20 PM org.eclipse.lsp4j.jsonrpc.services.GenericEndpoint notify
AVERTISSEMENT: Unsupported notification method: metals/windowStateDidChange
janv. 31, 2025 5:21:48 PM org.eclipse.lsp4j.jsonrpc.services.GenericEndpoint notify
AVERTISSEMENT: Unsupported notification method: metals/windowStateDidChange
janv. 31, 2025 5:22:25 PM org.eclipse.lsp4j.jsonrpc.services.GenericEndpoint notify
AVERTISSEMENT: Unsupported notification method: metals/windowStateDidChange
janv. 31, 2025 5:23:36 PM org.eclipse.lsp4j.jsonrpc.services.GenericEndpoint notify
AVERTISSEMENT: Unsupported notification method: metals/windowStateDidChange
janv. 31, 2025 5:23:40 PM org.eclipse.lsp4j.jsonrpc.services.GenericEndpoint notify
AVERTISSEMENT: Unsupported notification method: metals/windowStateDidChange
janv. 31, 2025 5:23:53 PM org.eclipse.lsp4j.jsonrpc.services.GenericEndpoint notify
AVERTISSEMENT: Unsupported notification method: metals/windowStateDidChange
janv. 31, 2025 5:24:30 PM org.eclipse.lsp4j.jsonrpc.services.GenericEndpoint notify
AVERTISSEMENT: Unsupported notification method: metals/windowStateDidChange
janv. 31, 2025 5:24:34 PM org.eclipse.lsp4j.jsonrpc.services.GenericEndpoint notify
AVERTISSEMENT: Unsupported notification method: metals/windowStateDidChange
janv. 31, 2025 5:24:39 PM org.eclipse.lsp4j.jsonrpc.services.GenericEndpoint notify
AVERTISSEMENT: Unsupported notification method: metals/windowStateDidChange
janv. 31, 2025 5:24:44 PM org.eclipse.lsp4j.jsonrpc.services.GenericEndpoint notify
AVERTISSEMENT: Unsupported notification method: metals/windowStateDidChange
janv. 31, 2025 5:25:34 PM org.eclipse.lsp4j.jsonrpc.services.GenericEndpoint notify
AVERTISSEMENT: Unsupported notification method: metals/windowStateDidChange
janv. 31, 2025 5:25:40 PM org.eclipse.lsp4j.jsonrpc.services.GenericEndpoint notify
AVERTISSEMENT: Unsupported notification method: metals/windowStateDidChange
janv. 31, 2025 5:26:45 PM org.eclipse.lsp4j.jsonrpc.services.GenericEndpoint notify
AVERTISSEMENT: Unsupported notification method: metals/windowStateDidChange
janv. 31, 2025 5:27:57 PM org.eclipse.lsp4j.jsonrpc.services.GenericEndpoint notify
AVERTISSEMENT: Unsupported notification method: metals/windowStateDidChange
janv. 31, 2025 5:28:01 PM org.eclipse.lsp4j.jsonrpc.services.GenericEndpoint notify
AVERTISSEMENT: Unsupported notification method: metals/windowStateDidChange
janv. 31, 2025 5:28:05 PM org.eclipse.lsp4j.jsonrpc.services.GenericEndpoint notify
AVERTISSEMENT: Unsupported notification method: metals/windowStateDidChange
janv. 31, 2025 5:28:08 PM org.eclipse.lsp4j.jsonrpc.services.GenericEndpoint notify
AVERTISSEMENT: Unsupported notification method: metals/windowStateDidChange
janv. 31, 2025 5:28:14 PM org.eclipse.lsp4j.jsonrpc.services.GenericEndpoint notify
AVERTISSEMENT: Unsupported notification method: metals/windowStateDidChange
janv. 31, 2025 5:28:17 PM org.eclipse.lsp4j.jsonrpc.services.GenericEndpoint notify
AVERTISSEMENT: Unsupported notification method: metals/windowStateDidChange
janv. 31, 2025 5:28:45 PM org.eclipse.lsp4j.jsonrpc.services.GenericEndpoint notify
AVERTISSEMENT: Unsupported notification method: metals/windowStateDidChange
janv. 31, 2025 5:29:15 PM org.eclipse.lsp4j.jsonrpc.services.GenericEndpoint notify
AVERTISSEMENT: Unsupported notification method: metals/windowStateDidChange
janv. 31, 2025 5:30:06 PM org.eclipse.lsp4j.jsonrpc.services.GenericEndpoint notify
AVERTISSEMENT: Unsupported notification method: metals/windowStateDidChange
janv. 31, 2025 5:30:11 PM org.eclipse.lsp4j.jsonrpc.services.GenericEndpoint notify
AVERTISSEMENT: Unsupported notification method: metals/windowStateDidChange
janv. 31, 2025 5:30:17 PM org.eclipse.lsp4j.jsonrpc.services.GenericEndpoint notify
AVERTISSEMENT: Unsupported notification method: metals/windowStateDidChange
janv. 31, 2025 5:30:17 PM org.eclipse.lsp4j.jsonrpc.services.GenericEndpoint notify
AVERTISSEMENT: Unsupported notification method: metals/windowStateDidChange
janv. 31, 2025 5:30:32 PM org.eclipse.lsp4j.jsonrpc.services.GenericEndpoint notify
AVERTISSEMENT: Unsupported notification method: metals/windowStateDidChange
janv. 31, 2025 5:30:42 PM org.eclipse.lsp4j.jsonrpc.services.GenericEndpoint notify
AVERTISSEMENT: Unsupported notification method: metals/windowStateDidChange
janv. 31, 2025 5:31:21 PM org.eclipse.lsp4j.jsonrpc.services.GenericEndpoint notify
AVERTISSEMENT: Unsupported notification method: metals/windowStateDidChange
janv. 31, 2025 5:31:27 PM org.eclipse.lsp4j.jsonrpc.services.GenericEndpoint notify
AVERTISSEMENT: Unsupported notification method: metals/windowStateDidChange
janv. 31, 2025 5:32:55 PM org.eclipse.lsp4j.jsonrpc.services.GenericEndpoint notify
AVERTISSEMENT: Unsupported notification method: metals/windowStateDidChange
janv. 31, 2025 5:32:57 PM org.eclipse.lsp4j.jsonrpc.services.GenericEndpoint notify
AVERTISSEMENT: Unsupported notification method: metals/windowStateDidChange
janv. 31, 2025 5:33:20 PM org.eclipse.lsp4j.jsonrpc.services.GenericEndpoint notify
AVERTISSEMENT: Unsupported notification method: metals/windowStateDidChange
janv. 31, 2025 5:33:23 PM org.eclipse.lsp4j.jsonrpc.services.GenericEndpoint notify
AVERTISSEMENT: Unsupported notification method: metals/windowStateDidChange
janv. 31, 2025 5:34:01 PM org.eclipse.lsp4j.jsonrpc.services.GenericEndpoint notify
AVERTISSEMENT: Unsupported notification method: metals/windowStateDidChange
janv. 31, 2025 5:34:37 PM org.eclipse.lsp4j.jsonrpc.services.GenericEndpoint notify
AVERTISSEMENT: Unsupported notification method: metals/windowStateDidChange
janv. 31, 2025 5:34:43 PM org.eclipse.lsp4j.jsonrpc.services.GenericEndpoint notify
AVERTISSEMENT: Unsupported notification method: metals/windowStateDidChange
janv. 31, 2025 5:34:43 PM org.eclipse.lsp4j.jsonrpc.services.GenericEndpoint notify
AVERTISSEMENT: Unsupported notification method: metals/windowStateDidChange
janv. 31, 2025 5:34:47 PM org.eclipse.lsp4j.jsonrpc.services.GenericEndpoint notify
AVERTISSEMENT: Unsupported notification method: metals/windowStateDidChange
janv. 31, 2025 5:35:53 PM org.eclipse.lsp4j.jsonrpc.services.GenericEndpoint notify
AVERTISSEMENT: Unsupported notification method: metals/windowStateDidChange
janv. 31, 2025 5:35:53 PM org.eclipse.lsp4j.jsonrpc.services.GenericEndpoint notify
AVERTISSEMENT: Unsupported notification method: metals/windowStateDidChange
janv. 31, 2025 5:35:56 PM org.eclipse.lsp4j.jsonrpc.services.GenericEndpoint notify
AVERTISSEMENT: Unsupported notification method: metals/windowStateDidChange
2025.01.31 17:39:13 INFO  Shutting down server
2025.01.31 17:39:13 INFO  shutting down Metals
2025.01.31 17:39:13 INFO  Exiting server
